#
# There is insufficient memory for the Java Runtime Environment to continue.
# Native memory allocation (mmap) failed to map 260046848 bytes for G1 virtual space
# Possible reasons:
#   The system is out of physical RAM or swap space
#   The process is running with CompressedOops enabled, and the Java Heap may be blocking the growth of the native heap
# Possible solutions:
#   Reduce memory load on the system
#   Increase physical memory or swap space
#   Check if swap backing store is full
#   Decrease Java heap size (-Xmx/-Xms)
#   Decrease number of Java threads
#   Decrease Java thread stack sizes (-Xss)
#   Set larger code cache with -XX:ReservedCodeCacheSize=
#   JVM is running with Zero Based Compressed Oops mode in which the Java heap is
#     placed in the first 32GB address space. The Java Heap base address is the
#     maximum limit for the native heap growth. Please use -XX:HeapBaseMinAddress
#     to set the Java Heap base and to place the Java Heap above 32GB virtual address.
# This output file may be truncated or incomplete.
#
#  Out of Memory Error (os_windows.cpp:3829), pid=16252, tid=17940
#
# JRE version:  (17.0.8+7) (build )
# Java VM: OpenJDK 64-Bit Server VM (17.0.8+7-b1000.22, mixed mode, sharing, tiered, compressed oops, compressed class ptrs, g1 gc, windows-amd64)
# No core dump will be written. Minidumps are not enabled by default on client versions of Windows
#

---------------  S U M M A R Y ------------

Command Line: git4idea.http.GitAskPassApp Username for 'https://github.com': 

Host: AMD Ryzen 7 5800HS with Radeon Graphics         , 16 cores, 15G,  Windows 10 , 64 bit Build 19041 (10.0.19041.3636)
Time: Thu Dec 14 17:27:35 2023 RTZ 2 (s 10 , 64 bit Build 19041 (10.0.19041.3636) elapsed time: 0.009137 seconds (0d 0h 0m 0s)

---------------  T H R E A D  ---------------

Current thread (0x000001d3b7726be0):  JavaThread "Unknown thread" [_thread_in_vm, id=17940, stack(0x0000009579e00000,0x0000009579f00000)]

Stack: [0x0000009579e00000,0x0000009579f00000]
Native frames: (J=compiled Java code, j=interpreted, Vv=VM code, C=native code)
V  [jvm.dll+0x6852da]
V  [jvm.dll+0x844c84]
V  [jvm.dll+0x84659e]
V  [jvm.dll+0x846c03]
V  [jvm.dll+0x24b7cf]
V  [jvm.dll+0x682049]
V  [jvm.dll+0x67671a]
V  [jvm.dll+0x30be2b]
V  [jvm.dll+0x3132d6]
V  [jvm.dll+0x36302e]
V  [jvm.dll+0x36325f]
V  [jvm.dll+0x2e1f48]
V  [jvm.dll+0x2e2eb4]
V  [jvm.dll+0x815c11]
V  [jvm.dll+0x370df1]
V  [jvm.dll+0x7f4fdc]
V  [jvm.dll+0x3f3f1f]
V  [jvm.dll+0x3f5b31]
C  [jli.dll+0x528f]
C  [ucrtbase.dll+0x21bb2]
C  [KERNEL32.DLL+0x17344]
C  [ntdll.dll+0x526b1]


---------------  P R O C E S S  ---------------

Threads class SMR info:
_java_thread_list=0x00007ffa67ed0098, length=0, elements={
}

Java Threads: ( => current thread )

Other Threads:
  0x000001d3b7792910 GCTaskThread "GC Thread#0" [stack: 0x0000009579f00000,0x000000957a000000] [id=18276]
  0x000001d3b77a2ee0 ConcurrentGCThread "G1 Main Marker" [stack: 0x000000957a000000,0x000000957a100000] [id=2160]
  0x000001d3b77a4090 ConcurrentGCThread "G1 Conc#0" [stack: 0x000000957a100000,0x000000957a200000] [id=7504]

[error occurred during error reporting (printing all threads), id 0xc0000005, EXCEPTION_ACCESS_VIOLATION (0xc0000005) at pc=0x00007ffa67682ab7]

VM state: not at safepoint (not fully initialized)

VM Mutex/Monitor currently owned by a thread:  ([mutex/lock_event])
[0x000001d3b77228c0] Heap_lock - owner thread: 0x000001d3b7726be0

Heap address: 0x0000000709800000, size: 3944 MB, Compressed Oops mode: Zero based, Oop shift amount: 3

CDS archive(s) mapped at: [0x0000000000000000-0x0000000000000000-0x0000000000000000), size 0, SharedBaseAddress: 0x0000000800000000, ArchiveRelocationMode: 1.
Narrow klass base: 0x0000000000000000, Narrow klass shift: 0, Narrow klass range: 0x0

GC Precious Log:
<Empty>

Heap:
 garbage-first heap   total 0K, used 0K [0x0000000709800000, 0x0000000800000000)
  region size 2048K, 0 young (0K), 0 survivors (0K)
 Metaspace       used 0K, committed 0K, reserved 0K
  class space    used 0K, committed 0K, reserved 0K

Heap Regions: E=young(eden), S=young(survivor), O=old, HS=humongous(starts), HC=humongous(continues), CS=collection set, F=free, OA=open archive, CA=closed archive, TAMS=top-at-mark-start (previous, next)

Card table byte_map: [0x000001d3caee0000,0x000001d3cb6a0000] _byte_map_base: 0x000001d3c7694000

Marking Bits (Prev, Next): (CMBitMap*) 0x000001d3b7792f30, (CMBitMap*) 0x000001d3b7792f70
 Prev Bits: [0x000001d3cbe60000, 0x000001d3cfc00000)
 Next Bits: [0x000001d3cfc00000, 0x000001d3d39a0000)

GC Heap History (0 events):
No events

Dll operation events (1 events):
Event: 0.006 Loaded shared library D:\Files\IntelliJ IDEA 2023.2.2\jbr\bin\java.dll

Deoptimization events (0 events):
No events

Classes unloaded (0 events):
No events

Classes redefined (0 events):
No events

Internal exceptions (0 events):
No events

VM Operations (0 events):
No events

Events (0 events):
No events


Dynamic libraries:
0x00007ff694080000 - 0x00007ff69408a000 	D:\Files\IntelliJ IDEA 2023.2.2\jbr\bin\java.exe
0x00007ffaa63f0000 - 0x00007ffaa65e8000 	C:\WINDOWS\SYSTEM32\ntdll.dll
0x00007ffaa5e70000 - 0x00007ffaa5f2d000 	C:\WINDOWS\System32\KERNEL32.DLL
0x00007ffaa3ed0000 - 0x00007ffaa41c6000 	C:\WINDOWS\System32\KERNELBASE.dll
0x00007ffaa4270000 - 0x00007ffaa4370000 	C:\WINDOWS\System32\ucrtbase.dll
0x00007ffa8c350000 - 0x00007ffa8c367000 	D:\Files\IntelliJ IDEA 2023.2.2\jbr\bin\jli.dll
0x00007ffa940a0000 - 0x00007ffa940bb000 	D:\Files\IntelliJ IDEA 2023.2.2\jbr\bin\VCRUNTIME140.dll
0x00007ffaa4cd0000 - 0x00007ffaa4e6e000 	C:\WINDOWS\System32\USER32.dll
0x00007ffaa4420000 - 0x00007ffaa4442000 	C:\WINDOWS\System32\win32u.dll
0x00007ffa932a0000 - 0x00007ffa9353a000 	C:\WINDOWS\WinSxS\amd64_microsoft.windows.common-controls_6595b64144ccf1df_6.0.19041.3636_none_60b6a03d71f818d5\COMCTL32.dll
0x00007ffaa4f30000 - 0x00007ffaa4f5c000 	C:\WINDOWS\System32\GDI32.dll
0x00007ffaa5d20000 - 0x00007ffaa5dbe000 	C:\WINDOWS\System32\msvcrt.dll
0x00007ffaa3cb0000 - 0x00007ffaa3dca000 	C:\WINDOWS\System32\gdi32full.dll
0x00007ffaa41d0000 - 0x00007ffaa426d000 	C:\WINDOWS\System32\msvcp_win.dll
0x00007ffaa5c80000 - 0x00007ffaa5cb0000 	C:\WINDOWS\System32\IMM32.DLL
0x00007ffa8c130000 - 0x00007ffa8c13c000 	D:\Files\IntelliJ IDEA 2023.2.2\jbr\bin\vcruntime140_1.dll
0x00007ffa745d0000 - 0x00007ffa7465d000 	D:\Files\IntelliJ IDEA 2023.2.2\jbr\bin\msvcp140.dll
0x00007ffa67390000 - 0x00007ffa68013000 	D:\Files\IntelliJ IDEA 2023.2.2\jbr\bin\server\jvm.dll
0x00007ffaa5dc0000 - 0x00007ffaa5e6f000 	C:\WINDOWS\System32\ADVAPI32.dll
0x00007ffaa5be0000 - 0x00007ffaa5c7c000 	C:\WINDOWS\System32\sechost.dll
0x00007ffaa5fc0000 - 0x00007ffaa60e6000 	C:\WINDOWS\System32\RPCRT4.dll
0x00007ffaa3880000 - 0x00007ffaa38cb000 	C:\WINDOWS\SYSTEM32\POWRPROF.dll
0x00007ffaa1710000 - 0x00007ffaa1737000 	C:\WINDOWS\SYSTEM32\WINMM.dll
0x00007ffa9ae20000 - 0x00007ffa9ae2a000 	C:\WINDOWS\SYSTEM32\VERSION.dll
0x00007ffa9de40000 - 0x00007ffa9de49000 	C:\WINDOWS\SYSTEM32\WSOCK32.dll
0x00007ffaa5cb0000 - 0x00007ffaa5d1b000 	C:\WINDOWS\System32\WS2_32.dll
0x00007ffaa3860000 - 0x00007ffaa3872000 	C:\WINDOWS\SYSTEM32\UMPDC.dll
0x00007ffaa1a00000 - 0x00007ffaa1a12000 	C:\WINDOWS\SYSTEM32\kernel.appcore.dll
0x00007ffa9de30000 - 0x00007ffa9de3a000 	D:\Files\IntelliJ IDEA 2023.2.2\jbr\bin\jimage.dll
0x00007ffaa1520000 - 0x00007ffaa1704000 	C:\WINDOWS\SYSTEM32\DBGHELP.DLL
0x00007ffaa1410000 - 0x00007ffaa1444000 	C:\WINDOWS\SYSTEM32\dbgcore.DLL
0x00007ffaa3dd0000 - 0x00007ffaa3e52000 	C:\WINDOWS\System32\bcryptPrimitives.dll
0x00007ffa913d0000 - 0x00007ffa913f5000 	D:\Files\IntelliJ IDEA 2023.2.2\jbr\bin\java.dll

dbghelp: loaded successfully - version: 4.0.5 - missing functions: none
symbol engine: initialized successfully - sym options: 0x614 - pdb path: .;D:\Files\IntelliJ IDEA 2023.2.2\jbr\bin;C:\WINDOWS\SYSTEM32;C:\WINDOWS\WinSxS\amd64_microsoft.windows.common-controls_6595b64144ccf1df_6.0.19041.3636_none_60b6a03d71f818d5;D:\Files\IntelliJ IDEA 2023.2.2\jbr\bin\server

VM Arguments:
java_command: git4idea.http.GitAskPassApp Username for 'https://github.com': 
java_class_path (initial): D:/Files/IntelliJ IDEA 2023.2.2/plugins/vcs-git/lib/git4idea-rt.jar;D:/Files/IntelliJ IDEA 2023.2.2/lib/externalProcess-rt.jar
Launcher Type: SUN_STANDARD

[Global flags]
     intx CICompilerCount                          = 12                                        {product} {ergonomic}
     uint ConcGCThreads                            = 3                                         {product} {ergonomic}
     uint G1ConcRefinementThreads                  = 13                                        {product} {ergonomic}
   size_t G1HeapRegionSize                         = 2097152                                   {product} {ergonomic}
    uintx GCDrainStackTargetSize                   = 64                                        {product} {ergonomic}
   size_t InitialHeapSize                          = 260046848                                 {product} {ergonomic}
   size_t MarkStackSize                            = 4194304                                   {product} {ergonomic}
   size_t MaxHeapSize                              = 4135583744                                {product} {ergonomic}
   size_t MinHeapDeltaBytes                        = 2097152                                   {product} {ergonomic}
   size_t MinHeapSize                              = 8388608                                   {product} {ergonomic}
    uintx NonNMethodCodeHeapSize                   = 7602480                                {pd product} {ergonomic}
    uintx NonProfiledCodeHeapSize                  = 122027880                              {pd product} {ergonomic}
    uintx ProfiledCodeHeapSize                     = 122027880                              {pd product} {ergonomic}
    uintx ReservedCodeCacheSize                    = 251658240                              {pd product} {ergonomic}
     bool SegmentedCodeCache                       = true                                      {product} {ergonomic}
   size_t SoftMaxHeapSize                          = 4135583744                             {manageable} {ergonomic}
     bool UseCompressedClassPointers               = true                           {product lp64_product} {ergonomic}
     bool UseCompressedOops                        = true                           {product lp64_product} {ergonomic}
     bool UseG1GC                                  = true                                      {product} {ergonomic}
     bool UseLargePagesIndividualAllocation        = false                                  {pd product} {ergonomic}

Logging:
Log output configuration:
 #0: stdout all=warning uptime,level,tags
 #1: stderr all=off uptime,level,tags

Environment Variables:
PATH=D:\Files\Git\mingw64\libexec\git-core;D:\Files\Git\mingw64\libexec\git-core;D:\Files\Git\mingw64\bin;D:\Files\Git\usr\bin;C:\Users\kepin\bin;C:\Program Files\Common Files\Oracle\Java\javapath;C:\ProgramData\Oracle\Java\javapath;C:\Program Files (x86)\Common Files\Oracle\Java\javapath;C:\WINDOWS\system32;C:\WINDOWS;C:\WINDOWS\System32\Wbem;C:\WINDOWS\System32\WindowsPowerShell\v1.0;C:\WINDOWS\System32\OpenSSH;D:\Files\MatLab\runtime\win64;D:\Files\MatLab\bin;D:\Files\MatLab\polyspace\bin;C:\Program Files\dotnet;C:\Program Files (x86)\NVIDIA Corporation\PhysX\Common;D:\Files\Git\cmd;C:\Program Files (x86)\dotnet;C:\Users\kepin\AppData\Local\Microsoft\WindowsApps;D:\Files\IntelliJ IDEA 2023.2.2\bin;C:\Users\kepin\AppData\Local\GitHubDesktop\bin
USERNAME=kepin
DISPLAY=:0.0
LC_ALL=en_US.UTF-8
TERM=xterm-256color
TMPDIR=C:\Users\kepin\AppData\Local\Temp
OS=Windows_NT
PROCESSOR_IDENTIFIER=AMD64 Family 25 Model 80 Stepping 0, AuthenticAMD
TMP=C:\Users\kepin\AppData\Local\Temp
TEMP=C:\Users\kepin\AppData\Local\Temp


JNI global refs:
JNI global refs: 0, weak refs: 0

JNI global refs memory usage: 0, weak refs: 0

OOME stack traces (most recent first):
Classloader memory used:


---------------  S Y S T E M  ---------------

OS:
 Windows 10 , 64 bit Build 19041 (10.0.19041.3636)
OS uptime: 0 days 7:56 hours

CPU: total 16 (initial active 16) (16 cores per cpu, 2 threads per core) family 25 model 80 stepping 0 microcode 0x0, cx8, cmov, fxsr, ht, mmx, 3dnowpref, sse, sse2, sse3, ssse3, sse4a, sse4.1, sse4.2, popcnt, lzcnt, tsc, tscinvbit, avx, avx2, aes, erms, clmul, bmi1, bmi2, adx, sha, fma, vzeroupper, clflush, clflushopt
Processor Information for all 16 processors :
  Max Mhz: 3201, Current Mhz: 3201, Mhz Limit: 3201

Memory: 4k page, system-wide physical 15775M (1815M free)
TotalPageFile size 24446M (AvailPageFile size 15M)
current process WorkingSet (physical memory assigned to process): 10M, peak: 10M
current process commit charge ("private bytes"): 70M, peak: 318M

vm_info: OpenJDK 64-Bit Server VM (17.0.8+7-b1000.22) for windows-amd64 JRE (17.0.8+7-b1000.22), built on 2023-09-02 by "builduser" with MS VC++ 16.10 / 16.11 (VS2019)

END.
